{"/home/jho---on/Projects/UFRJ/projeto-manamano/frontend/src/components/BackButton/BackButton.tsx": {"path":"/home/jho---on/Projects/UFRJ/projeto-manamano/frontend/src/components/BackButton/BackButton.tsx","statementMap":{"0":{"start":{"line":7,"column":0},"end":{"line":7,"column":24}},"1":{"start":{"line":2,"column":0},"end":{"line":2,"column":26}},"2":{"start":{"line":3,"column":0},"end":{"line":3,"column":57}},"3":{"start":{"line":4,"column":0},"end":{"line":4,"column":48}},"4":{"start":{"line":5,"column":0},"end":{"line":5,"column":51}},"5":{"start":{"line":8,"column":21},"end":{"line":8,"column":36}},"6":{"start":{"line":9,"column":2},"end":{"line":13,"column":4}},"7":{"start":{"line":10,"column":37},"end":{"line":10,"column":56}}},"fnMap":{"0":{"name":"BackButton","decl":{"start":{"line":7,"column":24},"end":{"line":7,"column":34}},"loc":{"start":{"line":7,"column":34},"end":{"line":14,"column":1}}},"1":{"name":"(anonymous_2)","decl":{"start":{"line":10,"column":31},"end":{"line":10,"column":34}},"loc":{"start":{"line":10,"column":37},"end":{"line":10,"column":56}}}},"branchMap":{},"s":{"0":2,"1":2,"2":2,"3":2,"4":2,"5":28,"6":28,"7":0},"f":{"0":28,"1":0},"b":{}}
,"/home/jho---on/Projects/UFRJ/projeto-manamano/frontend/src/components/BackButton/BackButtonStyle.tsx": {"path":"/home/jho---on/Projects/UFRJ/projeto-manamano/frontend/src/components/BackButton/BackButtonStyle.tsx","statementMap":{"0":{"start":{"line":2,"column":0},"end":{"line":2,"column":46}},"1":{"start":{"line":3,"column":0},"end":{"line":3,"column":59}},"2":{"start":{"line":5,"column":13},"end":{"line":5,"column":51}}},"fnMap":{},"branchMap":{},"s":{"0":2,"1":2,"2":2},"f":{},"b":{}}
,"/home/jho---on/Projects/UFRJ/projeto-manamano/frontend/src/components/ButtonCustom/ButtonCustom.tsx": {"path":"/home/jho---on/Projects/UFRJ/projeto-manamano/frontend/src/components/ButtonCustom/ButtonCustom.tsx","statementMap":{"0":{"start":{"line":6,"column":0},"end":{"line":6,"column":24}},"1":{"start":{"line":2,"column":0},"end":{"line":2,"column":26}},"2":{"start":{"line":3,"column":0},"end":{"line":3,"column":37}},"3":{"start":{"line":4,"column":0},"end":{"line":4,"column":60}},"4":{"start":{"line":15,"column":24},"end":{"line":17,"column":4}},"5":{"start":{"line":18,"column":2},"end":{"line":20,"column":3}},"6":{"start":{"line":19,"column":4},"end":{"line":19,"column":21}},"7":{"start":{"line":21,"column":2},"end":{"line":29,"column":4}}},"fnMap":{"0":{"name":"ButtonCustom","decl":{"start":{"line":6,"column":24},"end":{"line":6,"column":36}},"loc":{"start":{"line":14,"column":6},"end":{"line":30,"column":1}}}},"branchMap":{"0":{"loc":{"start":{"line":18,"column":2},"end":{"line":20,"column":3}},"type":"if","locations":[{"start":{"line":18,"column":2},"end":{"line":20,"column":3}},{"start":{},"end":{}}]}},"s":{"0":2,"1":2,"2":2,"3":2,"4":27,"5":27,"6":0,"7":27},"f":{"0":27},"b":{"0":[0,27]}}
,"/home/jho---on/Projects/UFRJ/projeto-manamano/frontend/src/components/ButtonCustom/ButtonStyle.tsx": {"path":"/home/jho---on/Projects/UFRJ/projeto-manamano/frontend/src/components/ButtonCustom/ButtonStyle.tsx","statementMap":{"0":{"start":{"line":1,"column":0},"end":{"line":1,"column":46}},"1":{"start":{"line":4,"column":13},"end":{"line":8,"column":2}},"2":{"start":{"line":5,"column":21},"end":{"line":5,"column":35}},"3":{"start":{"line":7,"column":27},"end":{"line":7,"column":42}},"4":{"start":{"line":10,"column":13},"end":{"line":24,"column":2}},"5":{"start":{"line":15,"column":32},"end":{"line":15,"column":52}},"6":{"start":{"line":23,"column":23},"end":{"line":23,"column":65}}},"fnMap":{"0":{"name":"(anonymous_1)","decl":{"start":{"line":5,"column":11},"end":{"line":5,"column":12}},"loc":{"start":{"line":5,"column":21},"end":{"line":5,"column":35}}},"1":{"name":"(anonymous_2)","decl":{"start":{"line":7,"column":17},"end":{"line":7,"column":18}},"loc":{"start":{"line":7,"column":27},"end":{"line":7,"column":42}}},"2":{"name":"(anonymous_3)","decl":{"start":{"line":15,"column":22},"end":{"line":15,"column":23}},"loc":{"start":{"line":15,"column":32},"end":{"line":15,"column":52}}},"3":{"name":"(anonymous_4)","decl":{"start":{"line":23,"column":12},"end":{"line":23,"column":13}},"loc":{"start":{"line":23,"column":23},"end":{"line":23,"column":65}}}},"branchMap":{"0":{"loc":{"start":{"line":23,"column":23},"end":{"line":23,"column":65}},"type":"cond-expr","locations":[{"start":{"line":23,"column":37},"end":{"line":23,"column":56}},{"start":{"line":23,"column":59},"end":{"line":23,"column":65}}]}},"s":{"0":2,"1":2,"2":27,"3":27,"4":2,"5":27,"6":27},"f":{"0":27,"1":27,"2":27,"3":27},"b":{"0":[0,27]}}
,"/home/jho---on/Projects/UFRJ/projeto-manamano/frontend/src/components/ErrorWarning/ErrorWarning.tsx": {"path":"/home/jho---on/Projects/UFRJ/projeto-manamano/frontend/src/components/ErrorWarning/ErrorWarning.tsx","statementMap":{"0":{"start":{"line":4,"column":0},"end":{"line":4,"column":24}},"1":{"start":{"line":1,"column":0},"end":{"line":1,"column":26}},"2":{"start":{"line":2,"column":0},"end":{"line":2,"column":78}},"3":{"start":{"line":5,"column":2},"end":{"line":9,"column":4}}},"fnMap":{"0":{"name":"ErrorWarning","decl":{"start":{"line":4,"column":24},"end":{"line":4,"column":36}},"loc":{"start":{"line":4,"column":55},"end":{"line":10,"column":1}}}},"branchMap":{},"s":{"0":2,"1":2,"2":2,"3":4},"f":{"0":4},"b":{}}
,"/home/jho---on/Projects/UFRJ/projeto-manamano/frontend/src/components/ErrorWarning/ErrorWarningStyle.tsx": {"path":"/home/jho---on/Projects/UFRJ/projeto-manamano/frontend/src/components/ErrorWarning/ErrorWarningStyle.tsx","statementMap":{"0":{"start":{"line":2,"column":0},"end":{"line":2,"column":46}},"1":{"start":{"line":4,"column":13},"end":{"line":10,"column":2}},"2":{"start":{"line":12,"column":13},"end":{"line":14,"column":2}}},"fnMap":{},"branchMap":{},"s":{"0":2,"1":2,"2":2},"f":{},"b":{}}
,"/home/jho---on/Projects/UFRJ/projeto-manamano/frontend/src/components/HeaderCustom/HeaderCustom.tsx": {"path":"/home/jho---on/Projects/UFRJ/projeto-manamano/frontend/src/components/HeaderCustom/HeaderCustom.tsx","statementMap":{"0":{"start":{"line":9,"column":0},"end":{"line":9,"column":24}},"1":{"start":{"line":2,"column":0},"end":{"line":2,"column":40}},"2":{"start":{"line":3,"column":0},"end":{"line":3,"column":54}},"3":{"start":{"line":4,"column":0},"end":{"line":4,"column":74}},"4":{"start":{"line":5,"column":0},"end":{"line":5,"column":50}},"5":{"start":{"line":6,"column":0},"end":{"line":6,"column":46}},"6":{"start":{"line":7,"column":0},"end":{"line":7,"column":44}},"7":{"start":{"line":18,"column":34},"end":{"line":18,"column":48}},"8":{"start":{"line":20,"column":2},"end":{"line":39,"column":4}},"9":{"start":{"line":25,"column":56},"end":{"line":25,"column":78}},"10":{"start":{"line":27,"column":43},"end":{"line":27,"column":65}}},"fnMap":{"0":{"name":"HeaderCustom","decl":{"start":{"line":9,"column":24},"end":{"line":9,"column":36}},"loc":{"start":{"line":17,"column":6},"end":{"line":40,"column":1}}},"1":{"name":"(anonymous_11)","decl":{"start":{"line":25,"column":50},"end":{"line":25,"column":53}},"loc":{"start":{"line":25,"column":56},"end":{"line":25,"column":78}}},"2":{"name":"(anonymous_12)","decl":{"start":{"line":27,"column":37},"end":{"line":27,"column":40}},"loc":{"start":{"line":27,"column":43},"end":{"line":27,"column":65}}}},"branchMap":{"0":{"loc":{"start":{"line":22,"column":7},"end":{"line":32,"column":null}},"type":"cond-expr","locations":[{"start":{"line":23,"column":8},"end":{"line":29,"column":null}},{"start":{"line":32,"column":8},"end":{"line":32,"column":22}}]},"1":{"loc":{"start":{"line":34,"column":39},"end":{"line":34,"column":56}},"type":"binary-expr","locations":[{"start":{"line":34,"column":39},"end":{"line":34,"column":51}},{"start":{"line":34,"column":55},"end":{"line":34,"column":56}}]},"2":{"loc":{"start":{"line":37,"column":7},"end":{"line":37,"column":96}},"type":"cond-expr","locations":[{"start":{"line":37,"column":14},"end":{"line":37,"column":83}},{"start":{"line":37,"column":86},"end":{"line":37,"column":96}}]}},"s":{"0":1,"1":1,"2":1,"3":1,"4":1,"5":1,"6":1,"7":20,"8":20,"9":0,"10":0},"f":{"0":20,"1":0,"2":0},"b":{"0":[0,20],"1":[20,20],"2":[0,20]}}
,"/home/jho---on/Projects/UFRJ/projeto-manamano/frontend/src/components/HeaderCustom/HeaderCustomStyle.tsx": {"path":"/home/jho---on/Projects/UFRJ/projeto-manamano/frontend/src/components/HeaderCustom/HeaderCustomStyle.tsx","statementMap":{"0":{"start":{"line":1,"column":0},"end":{"line":1,"column":40}},"1":{"start":{"line":2,"column":0},"end":{"line":2,"column":46}},"2":{"start":{"line":4,"column":13},"end":{"line":25,"column":2}},"3":{"start":{"line":26,"column":13},"end":{"line":30,"column":2}},"4":{"start":{"line":29,"column":27},"end":{"line":29,"column":36}},"5":{"start":{"line":31,"column":13},"end":{"line":33,"column":2}}},"fnMap":{"0":{"name":"(anonymous_1)","decl":{"start":{"line":29,"column":17},"end":{"line":29,"column":18}},"loc":{"start":{"line":29,"column":27},"end":{"line":29,"column":36}}}},"branchMap":{},"s":{"0":1,"1":1,"2":1,"3":1,"4":20,"5":1},"f":{"0":20},"b":{}}
,"/home/jho---on/Projects/UFRJ/projeto-manamano/frontend/src/components/InputText/InputTextCustom.tsx": {"path":"/home/jho---on/Projects/UFRJ/projeto-manamano/frontend/src/components/InputText/InputTextCustom.tsx","statementMap":{"0":{"start":{"line":15,"column":0},"end":{"line":15,"column":24}},"1":{"start":{"line":2,"column":0},"end":{"line":2,"column":40}},"2":{"start":{"line":3,"column":0},"end":{"line":3,"column":57}},"3":{"start":{"line":4,"column":0},"end":{"line":4,"column":42}},"4":{"start":{"line":5,"column":0},"end":{"line":5,"column":null}},"5":{"start":{"line":12,"column":0},"end":{"line":12,"column":61}},"6":{"start":{"line":13,"column":0},"end":{"line":13,"column":57}},"7":{"start":{"line":25,"column":32},"end":{"line":25,"column":46}},"8":{"start":{"line":27,"column":2},"end":{"line":63,"column":4}},"9":{"start":{"line":54,"column":47},"end":{"line":54,"column":67}},"10":{"start":{"line":66,"column":15},"end":{"line":77,"column":2}}},"fnMap":{"0":{"name":"InputTextCustom","decl":{"start":{"line":15,"column":24},"end":{"line":15,"column":39}},"loc":{"start":{"line":24,"column":6},"end":{"line":64,"column":1}}},"1":{"name":"(anonymous_11)","decl":{"start":{"line":54,"column":41},"end":{"line":54,"column":44}},"loc":{"start":{"line":54,"column":47},"end":{"line":54,"column":67}}}},"branchMap":{"0":{"loc":{"start":{"line":32,"column":9},"end":{"line":52,"column":null}},"type":"cond-expr","locations":[{"start":{"line":33,"column":10},"end":{"line":42,"column":null}},{"start":{"line":45,"column":10},"end":{"line":51,"column":null}}]},"1":{"loc":{"start":{"line":48,"column":29},"end":{"line":48,"column":50}},"type":"binary-expr","locations":[{"start":{"line":48,"column":29},"end":{"line":48,"column":36}},{"start":{"line":48,"column":40},"end":{"line":48,"column":50}}]},"2":{"loc":{"start":{"line":55,"column":11},"end":{"line":58,"column":null}},"type":"cond-expr","locations":[{"start":{"line":56,"column":12},"end":{"line":56,"column":52}},{"start":{"line":58,"column":12},"end":{"line":58,"column":50}}]}},"s":{"0":2,"1":2,"2":2,"3":2,"4":2,"5":2,"6":2,"7":106,"8":106,"9":0,"10":2},"f":{"0":106,"1":0},"b":{"0":[10,96],"1":[96,96],"2":[106,0]}}
,"/home/jho---on/Projects/UFRJ/projeto-manamano/frontend/src/components/InputText/InputTextCustomStyle.tsx": {"path":"/home/jho---on/Projects/UFRJ/projeto-manamano/frontend/src/components/InputText/InputTextCustomStyle.tsx","statementMap":{"0":{"start":{"line":2,"column":0},"end":{"line":2,"column":46}},"1":{"start":{"line":4,"column":13},"end":{"line":10,"column":2}},"2":{"start":{"line":12,"column":13},"end":{"line":24,"column":2}},"3":{"start":{"line":26,"column":13},"end":{"line":37,"column":2}},"4":{"start":{"line":39,"column":13},"end":{"line":43,"column":2}},"5":{"start":{"line":40,"column":24},"end":{"line":40,"column":57}},"6":{"start":{"line":45,"column":13},"end":{"line":49,"column":2}}},"fnMap":{"0":{"name":"(anonymous_1)","decl":{"start":{"line":40,"column":13},"end":{"line":40,"column":14}},"loc":{"start":{"line":40,"column":24},"end":{"line":40,"column":57}}}},"branchMap":{"0":{"loc":{"start":{"line":40,"column":24},"end":{"line":40,"column":57}},"type":"cond-expr","locations":[{"start":{"line":40,"column":42},"end":{"line":40,"column":48}},{"start":{"line":40,"column":51},"end":{"line":40,"column":57}}]}},"s":{"0":2,"1":2,"2":2,"3":2,"4":2,"5":106,"6":2},"f":{"0":106},"b":{"0":[76,30]}}
,"/home/jho---on/Projects/UFRJ/projeto-manamano/frontend/src/components/SideMenu/SideMenu.tsx": {"path":"/home/jho---on/Projects/UFRJ/projeto-manamano/frontend/src/components/SideMenu/SideMenu.tsx","statementMap":{"0":{"start":{"line":28,"column":0},"end":{"line":28,"column":24}},"1":{"start":{"line":2,"column":0},"end":{"line":2,"column":26}},"2":{"start":{"line":3,"column":0},"end":{"line":3,"column":67}},"3":{"start":{"line":4,"column":0},"end":{"line":4,"column":37}},"4":{"start":{"line":5,"column":0},"end":{"line":5,"column":73}},"5":{"start":{"line":6,"column":0},"end":{"line":6,"column":null}},"6":{"start":{"line":15,"column":0},"end":{"line":15,"column":65}},"7":{"start":{"line":16,"column":0},"end":{"line":16,"column":64}},"8":{"start":{"line":17,"column":0},"end":{"line":17,"column":61}},"9":{"start":{"line":18,"column":0},"end":{"line":18,"column":52}},"10":{"start":{"line":19,"column":0},"end":{"line":19,"column":52}},"11":{"start":{"line":20,"column":0},"end":{"line":20,"column":52}},"12":{"start":{"line":21,"column":0},"end":{"line":21,"column":66}},"13":{"start":{"line":22,"column":0},"end":{"line":22,"column":66}},"14":{"start":{"line":23,"column":0},"end":{"line":23,"column":54}},"15":{"start":{"line":24,"column":0},"end":{"line":24,"column":48}},"16":{"start":{"line":29,"column":21},"end":{"line":29,"column":72}},"17":{"start":{"line":30,"column":28},"end":{"line":30,"column":52}},"18":{"start":{"line":32,"column":24},"end":{"line":34,"column":4}},"19":{"start":{"line":35,"column":2},"end":{"line":37,"column":3}},"20":{"start":{"line":36,"column":4},"end":{"line":36,"column":21}},"21":{"start":{"line":38,"column":2},"end":{"line":107,"column":4}},"22":{"start":{"line":41,"column":46},"end":{"line":41,"column":73}},"23":{"start":{"line":52,"column":27},"end":{"line":52,"column":57}},"24":{"start":{"line":58,"column":27},"end":{"line":58,"column":56}},"25":{"start":{"line":64,"column":27},"end":{"line":64,"column":56}},"26":{"start":{"line":75,"column":27},"end":{"line":75,"column":62}},"27":{"start":{"line":81,"column":27},"end":{"line":81,"column":60}},"28":{"start":{"line":92,"column":27},"end":{"line":92,"column":56}},"29":{"start":{"line":98,"column":27},"end":{"line":98,"column":63}}},"fnMap":{"0":{"name":"SideMenu","decl":{"start":{"line":28,"column":24},"end":{"line":28,"column":32}},"loc":{"start":{"line":28,"column":58},"end":{"line":108,"column":1}}},"1":{"name":"(anonymous_2)","decl":{"start":{"line":41,"column":40},"end":{"line":41,"column":43}},"loc":{"start":{"line":41,"column":46},"end":{"line":41,"column":73}}},"2":{"name":"(anonymous_3)","decl":{"start":{"line":52,"column":21},"end":{"line":52,"column":24}},"loc":{"start":{"line":52,"column":27},"end":{"line":52,"column":57}}},"3":{"name":"(anonymous_4)","decl":{"start":{"line":58,"column":21},"end":{"line":58,"column":24}},"loc":{"start":{"line":58,"column":27},"end":{"line":58,"column":56}}},"4":{"name":"(anonymous_5)","decl":{"start":{"line":64,"column":21},"end":{"line":64,"column":24}},"loc":{"start":{"line":64,"column":27},"end":{"line":64,"column":56}}},"5":{"name":"(anonymous_6)","decl":{"start":{"line":75,"column":21},"end":{"line":75,"column":24}},"loc":{"start":{"line":75,"column":27},"end":{"line":75,"column":62}}},"6":{"name":"(anonymous_7)","decl":{"start":{"line":81,"column":21},"end":{"line":81,"column":24}},"loc":{"start":{"line":81,"column":27},"end":{"line":81,"column":60}}},"7":{"name":"(anonymous_8)","decl":{"start":{"line":92,"column":21},"end":{"line":92,"column":24}},"loc":{"start":{"line":92,"column":27},"end":{"line":92,"column":56}}},"8":{"name":"(anonymous_9)","decl":{"start":{"line":98,"column":21},"end":{"line":98,"column":24}},"loc":{"start":{"line":98,"column":27},"end":{"line":98,"column":63}}}},"branchMap":{"0":{"loc":{"start":{"line":35,"column":2},"end":{"line":37,"column":3}},"type":"if","locations":[{"start":{"line":35,"column":2},"end":{"line":37,"column":3}},{"start":{},"end":{}}]}},"s":{"0":1,"1":1,"2":1,"3":1,"4":1,"5":1,"6":1,"7":1,"8":1,"9":1,"10":1,"11":1,"12":1,"13":1,"14":1,"15":1,"16":0,"17":0,"18":0,"19":0,"20":0,"21":0,"22":0,"23":0,"24":0,"25":0,"26":0,"27":0,"28":0,"29":0},"f":{"0":0,"1":0,"2":0,"3":0,"4":0,"5":0,"6":0,"7":0,"8":0},"b":{"0":[0,0]}}
,"/home/jho---on/Projects/UFRJ/projeto-manamano/frontend/src/components/SideMenu/SideMenuStyle.tsx": {"path":"/home/jho---on/Projects/UFRJ/projeto-manamano/frontend/src/components/SideMenu/SideMenuStyle.tsx","statementMap":{"0":{"start":{"line":2,"column":0},"end":{"line":2,"column":46}},"1":{"start":{"line":3,"column":0},"end":{"line":3,"column":42}},"2":{"start":{"line":5,"column":26},"end":{"line":5,"column":50}},"3":{"start":{"line":7,"column":13},"end":{"line":14,"column":2}},"4":{"start":{"line":8,"column":24},"end":{"line":8,"column":54}},"5":{"start":{"line":16,"column":13},"end":{"line":21,"column":2}},"6":{"start":{"line":23,"column":13},"end":{"line":28,"column":2}},"7":{"start":{"line":30,"column":13},"end":{"line":36,"column":2}},"8":{"start":{"line":38,"column":13},"end":{"line":44,"column":2}},"9":{"start":{"line":46,"column":13},"end":{"line":51,"column":2}},"10":{"start":{"line":53,"column":13},"end":{"line":57,"column":2}}},"fnMap":{"0":{"name":"(anonymous_1)","decl":{"start":{"line":8,"column":13},"end":{"line":8,"column":14}},"loc":{"start":{"line":8,"column":24},"end":{"line":8,"column":54}}}},"branchMap":{"0":{"loc":{"start":{"line":8,"column":24},"end":{"line":8,"column":54}},"type":"cond-expr","locations":[{"start":{"line":8,"column":39},"end":{"line":8,"column":45}},{"start":{"line":8,"column":48},"end":{"line":8,"column":54}}]}},"s":{"0":1,"1":1,"2":1,"3":1,"4":0,"5":1,"6":1,"7":1,"8":1,"9":1,"10":1},"f":{"0":0},"b":{"0":[0,0]}}
,"/home/jho---on/Projects/UFRJ/projeto-manamano/frontend/src/components/SideMenuOptions/SideMenuOptions.tsx": {"path":"/home/jho---on/Projects/UFRJ/projeto-manamano/frontend/src/components/SideMenuOptions/SideMenuOptions.tsx","statementMap":{"0":{"start":{"line":8,"column":0},"end":{"line":8,"column":24}},"1":{"start":{"line":2,"column":0},"end":{"line":2,"column":26}},"2":{"start":{"line":3,"column":0},"end":{"line":3,"column":null}},"3":{"start":{"line":9,"column":2},"end":{"line":16,"column":4}}},"fnMap":{"0":{"name":"SideMenuOptions","decl":{"start":{"line":8,"column":24},"end":{"line":8,"column":39}},"loc":{"start":{"line":8,"column":81},"end":{"line":17,"column":1}}}},"branchMap":{},"s":{"0":1,"1":1,"2":1,"3":3},"f":{"0":3},"b":{}}
,"/home/jho---on/Projects/UFRJ/projeto-manamano/frontend/src/components/SideMenuOptions/SideMenuOptionsStyle.tsx": {"path":"/home/jho---on/Projects/UFRJ/projeto-manamano/frontend/src/components/SideMenuOptions/SideMenuOptionsStyle.tsx","statementMap":{"0":{"start":{"line":2,"column":0},"end":{"line":2,"column":46}},"1":{"start":{"line":4,"column":13},"end":{"line":9,"column":2}},"2":{"start":{"line":10,"column":13},"end":{"line":14,"column":2}},"3":{"start":{"line":12,"column":22},"end":{"line":12,"column":57}},"4":{"start":{"line":13,"column":27},"end":{"line":13,"column":36}}},"fnMap":{"0":{"name":"(anonymous_1)","decl":{"start":{"line":12,"column":11},"end":{"line":12,"column":12}},"loc":{"start":{"line":12,"column":22},"end":{"line":12,"column":57}}},"1":{"name":"(anonymous_2)","decl":{"start":{"line":13,"column":17},"end":{"line":13,"column":18}},"loc":{"start":{"line":13,"column":27},"end":{"line":13,"column":36}}}},"branchMap":{"0":{"loc":{"start":{"line":12,"column":22},"end":{"line":12,"column":57}},"type":"cond-expr","locations":[{"start":{"line":12,"column":35},"end":{"line":12,"column":45}},{"start":{"line":12,"column":48},"end":{"line":12,"column":57}}]}},"s":{"0":1,"1":1,"2":1,"3":3,"4":3},"f":{"0":3,"1":3},"b":{"0":[0,3]}}
,"/home/jho---on/Projects/UFRJ/projeto-manamano/frontend/src/pages/ChangePassword/ChangePassword.tsx": {"path":"/home/jho---on/Projects/UFRJ/projeto-manamano/frontend/src/pages/ChangePassword/ChangePassword.tsx","statementMap":{"0":{"start":{"line":19,"column":0},"end":{"line":19,"column":24}},"1":{"start":{"line":3,"column":0},"end":{"line":3,"column":37}},"2":{"start":{"line":4,"column":0},"end":{"line":4,"column":36}},"3":{"start":{"line":5,"column":0},"end":{"line":5,"column":54}},"4":{"start":{"line":6,"column":0},"end":{"line":6,"column":44}},"5":{"start":{"line":7,"column":0},"end":{"line":7,"column":73}},"6":{"start":{"line":8,"column":0},"end":{"line":8,"column":26}},"7":{"start":{"line":9,"column":0},"end":{"line":9,"column":70}},"8":{"start":{"line":10,"column":0},"end":{"line":10,"column":73}},"9":{"start":{"line":11,"column":0},"end":{"line":11,"column":70}},"10":{"start":{"line":12,"column":0},"end":{"line":12,"column":73}},"11":{"start":{"line":13,"column":0},"end":{"line":13,"column":70}},"12":{"start":{"line":14,"column":0},"end":{"line":14,"column":43}},"13":{"start":{"line":15,"column":0},"end":{"line":15,"column":37}},"14":{"start":{"line":16,"column":0},"end":{"line":16,"column":54}},"15":{"start":{"line":20,"column":22},"end":{"line":20,"column":73}},"16":{"start":{"line":21,"column":44},"end":{"line":21,"column":56}},"17":{"start":{"line":22,"column":50},"end":{"line":22,"column":62}},"18":{"start":{"line":23,"column":2},"end":{"line":35,"column":9}},"19":{"start":{"line":24,"column":24},"end":{"line":24,"column":56}},"20":{"start":{"line":25,"column":21},"end":{"line":25,"column":50}},"21":{"start":{"line":26,"column":4},"end":{"line":34,"column":5}},"22":{"start":{"line":27,"column":6},"end":{"line":27,"column":39}},"23":{"start":{"line":28,"column":6},"end":{"line":28,"column":33}},"24":{"start":{"line":29,"column":6},"end":{"line":33,"column":9}},"25":{"start":{"line":41,"column":6},"end":{"line":41,"column":17}},"26":{"start":{"line":42,"column":19},"end":{"line":63,"column":3}},"27":{"start":{"line":43,"column":4},"end":{"line":62,"column":5}},"28":{"start":{"line":44,"column":23},"end":{"line":55,"column":null}},"29":{"start":{"line":57,"column":6},"end":{"line":57,"column":45}},"30":{"start":{"line":58,"column":6},"end":{"line":58,"column":36}},"31":{"start":{"line":60,"column":6},"end":{"line":60,"column":51}},"32":{"start":{"line":61,"column":6},"end":{"line":61,"column":64}},"33":{"start":{"line":64,"column":24},"end":{"line":66,"column":4}},"34":{"start":{"line":67,"column":2},"end":{"line":69,"column":3}},"35":{"start":{"line":68,"column":4},"end":{"line":68,"column":21}},"36":{"start":{"line":70,"column":2},"end":{"line":141,"column":4}},"37":{"start":{"line":87,"column":14},"end":{"line":92,"column":null}},"38":{"start":{"line":104,"column":14},"end":{"line":109,"column":null}},"39":{"start":{"line":119,"column":35},"end":{"line":119,"column":95}},"40":{"start":{"line":122,"column":14},"end":{"line":127,"column":null}}},"fnMap":{"0":{"name":"ChangePassword","decl":{"start":{"line":19,"column":24},"end":{"line":19,"column":38}},"loc":{"start":{"line":19,"column":38},"end":{"line":142,"column":1}}},"1":{"name":"(anonymous_2)","decl":{"start":{"line":23,"column":12},"end":{"line":23,"column":15}},"loc":{"start":{"line":23,"column":17},"end":{"line":35,"column":3}}},"2":{"name":"(anonymous_3)","decl":{"start":{"line":42,"column":19},"end":{"line":42,"column":24}},"loc":{"start":{"line":42,"column":39},"end":{"line":63,"column":3}}},"3":{"name":"(anonymous_4)","decl":{"start":{"line":86,"column":20},"end":{"line":86,"column":21}},"loc":{"start":{"line":87,"column":14},"end":{"line":92,"column":null}}},"4":{"name":"(anonymous_5)","decl":{"start":{"line":103,"column":20},"end":{"line":103,"column":21}},"loc":{"start":{"line":104,"column":14},"end":{"line":109,"column":null}}},"5":{"name":"(anonymous_6)","decl":{"start":{"line":119,"column":24},"end":{"line":119,"column":25}},"loc":{"start":{"line":119,"column":35},"end":{"line":119,"column":95}}},"6":{"name":"(anonymous_7)","decl":{"start":{"line":121,"column":20},"end":{"line":121,"column":21}},"loc":{"start":{"line":122,"column":14},"end":{"line":127,"column":null}}}},"branchMap":{"0":{"loc":{"start":{"line":26,"column":4},"end":{"line":34,"column":5}},"type":"if","locations":[{"start":{"line":26,"column":4},"end":{"line":34,"column":5}},{"start":{},"end":{}}]},"1":{"loc":{"start":{"line":26,"column":8},"end":{"line":26,"column":31}},"type":"binary-expr","locations":[{"start":{"line":26,"column":8},"end":{"line":26,"column":16}},{"start":{"line":26,"column":20},"end":{"line":26,"column":31}}]},"2":{"loc":{"start":{"line":67,"column":2},"end":{"line":69,"column":3}},"type":"if","locations":[{"start":{"line":67,"column":2},"end":{"line":69,"column":3}},{"start":{},"end":{}}]},"3":{"loc":{"start":{"line":75,"column":17},"end":{"line":75,"column":68}},"type":"cond-expr","locations":[{"start":{"line":75,"column":53},"end":{"line":75,"column":59}},{"start":{"line":75,"column":62},"end":{"line":75,"column":68}}]},"4":{"loc":{"start":{"line":75,"column":17},"end":{"line":75,"column":50}},"type":"binary-expr","locations":[{"start":{"line":75,"column":17},"end":{"line":75,"column":30}},{"start":{"line":75,"column":34},"end":{"line":75,"column":50}}]},"5":{"loc":{"start":{"line":96,"column":11},"end":{"line":96,"column":79}},"type":"binary-expr","locations":[{"start":{"line":96,"column":11},"end":{"line":96,"column":29}},{"start":{"line":96,"column":33},"end":{"line":96,"column":79}}]},"6":{"loc":{"start":{"line":113,"column":11},"end":{"line":113,"column":79}},"type":"binary-expr","locations":[{"start":{"line":113,"column":11},"end":{"line":113,"column":29}},{"start":{"line":113,"column":33},"end":{"line":113,"column":79}}]},"7":{"loc":{"start":{"line":119,"column":35},"end":{"line":119,"column":95}},"type":"binary-expr","locations":[{"start":{"line":119,"column":35},"end":{"line":119,"column":69}},{"start":{"line":119,"column":73},"end":{"line":119,"column":95}}]},"8":{"loc":{"start":{"line":131,"column":11},"end":{"line":131,"column":88}},"type":"binary-expr","locations":[{"start":{"line":131,"column":11},"end":{"line":131,"column":35}},{"start":{"line":131,"column":39},"end":{"line":131,"column":88}}]}},"s":{"0":1,"1":1,"2":1,"3":1,"4":1,"5":1,"6":1,"7":1,"8":1,"9":1,"10":1,"11":1,"12":1,"13":1,"14":1,"15":19,"16":19,"17":19,"18":19,"19":5,"20":5,"21":5,"22":5,"23":5,"24":5,"25":19,"26":19,"27":2,"28":2,"29":1,"30":1,"31":1,"32":1,"33":19,"34":19,"35":0,"36":19,"37":22,"38":22,"39":3,"40":25},"f":{"0":19,"1":5,"2":2,"3":22,"4":22,"5":3,"6":25},"b":{"0":[5,0],"1":[5,5],"2":[0,19],"3":[9,10],"4":[19,9],"5":[19,1],"6":[19,1],"7":[3,1],"8":[19,2]}}
,"/home/jho---on/Projects/UFRJ/projeto-manamano/frontend/src/pages/Configuration/Configuration.tsx": {"path":"/home/jho---on/Projects/UFRJ/projeto-manamano/frontend/src/pages/Configuration/Configuration.tsx","statementMap":{"0":{"start":{"line":13,"column":0},"end":{"line":13,"column":24}},"1":{"start":{"line":2,"column":0},"end":{"line":2,"column":26}},"2":{"start":{"line":3,"column":0},"end":{"line":3,"column":36}},"3":{"start":{"line":4,"column":0},"end":{"line":4,"column":37}},"4":{"start":{"line":5,"column":0},"end":{"line":5,"column":73}},"5":{"start":{"line":6,"column":0},"end":{"line":6,"column":79}},"6":{"start":{"line":7,"column":0},"end":{"line":7,"column":70}},"7":{"start":{"line":8,"column":0},"end":{"line":8,"column":51}},"8":{"start":{"line":9,"column":0},"end":{"line":9,"column":67}},"9":{"start":{"line":10,"column":0},"end":{"line":10,"column":52}},"10":{"start":{"line":14,"column":21},"end":{"line":14,"column":72}},"11":{"start":{"line":15,"column":24},"end":{"line":17,"column":4}},"12":{"start":{"line":18,"column":2},"end":{"line":20,"column":3}},"13":{"start":{"line":19,"column":4},"end":{"line":19,"column":21}},"14":{"start":{"line":21,"column":2},"end":{"line":45,"column":4}},"15":{"start":{"line":29,"column":25},"end":{"line":29,"column":66}},"16":{"start":{"line":35,"column":25},"end":{"line":35,"column":53}},"17":{"start":{"line":41,"column":25},"end":{"line":41,"column":62}}},"fnMap":{"0":{"name":"Config","decl":{"start":{"line":13,"column":24},"end":{"line":13,"column":30}},"loc":{"start":{"line":13,"column":30},"end":{"line":46,"column":1}}},"1":{"name":"(anonymous_2)","decl":{"start":{"line":29,"column":19},"end":{"line":29,"column":22}},"loc":{"start":{"line":29,"column":25},"end":{"line":29,"column":66}}},"2":{"name":"(anonymous_3)","decl":{"start":{"line":35,"column":19},"end":{"line":35,"column":22}},"loc":{"start":{"line":35,"column":25},"end":{"line":35,"column":53}}},"3":{"name":"(anonymous_4)","decl":{"start":{"line":41,"column":19},"end":{"line":41,"column":22}},"loc":{"start":{"line":41,"column":25},"end":{"line":41,"column":62}}}},"branchMap":{"0":{"loc":{"start":{"line":18,"column":2},"end":{"line":20,"column":3}},"type":"if","locations":[{"start":{"line":18,"column":2},"end":{"line":20,"column":3}},{"start":{},"end":{}}]}},"s":{"0":1,"1":1,"2":1,"3":1,"4":1,"5":1,"6":1,"7":1,"8":1,"9":1,"10":1,"11":1,"12":1,"13":0,"14":1,"15":0,"16":0,"17":0},"f":{"0":1,"1":0,"2":0,"3":0},"b":{"0":[0,1]}}
,"/home/jho---on/Projects/UFRJ/projeto-manamano/frontend/src/pages/SignIn/SignInStyle.tsx": {"path":"/home/jho---on/Projects/UFRJ/projeto-manamano/frontend/src/pages/SignIn/SignInStyle.tsx","statementMap":{"0":{"start":{"line":2,"column":0},"end":{"line":2,"column":46}},"1":{"start":{"line":4,"column":13},"end":{"line":10,"column":2}},"2":{"start":{"line":11,"column":13},"end":{"line":18,"column":2}},"3":{"start":{"line":19,"column":13},"end":{"line":23,"column":2}}},"fnMap":{},"branchMap":{},"s":{"0":1,"1":1,"2":1,"3":1},"f":{},"b":{}}
,"/home/jho---on/Projects/UFRJ/projeto-manamano/frontend/src/pages/SignUp/SignUp.tsx": {"path":"/home/jho---on/Projects/UFRJ/projeto-manamano/frontend/src/pages/SignUp/SignUp.tsx","statementMap":{"0":{"start":{"line":19,"column":0},"end":{"line":19,"column":24}},"1":{"start":{"line":4,"column":0},"end":{"line":4,"column":26}},"2":{"start":{"line":5,"column":0},"end":{"line":5,"column":54}},"3":{"start":{"line":6,"column":0},"end":{"line":6,"column":72}},"4":{"start":{"line":7,"column":0},"end":{"line":7,"column":37}},"5":{"start":{"line":8,"column":0},"end":{"line":8,"column":70}},"6":{"start":{"line":9,"column":0},"end":{"line":9,"column":82}},"7":{"start":{"line":10,"column":0},"end":{"line":10,"column":73}},"8":{"start":{"line":11,"column":0},"end":{"line":11,"column":70}},"9":{"start":{"line":12,"column":0},"end":{"line":12,"column":64}},"10":{"start":{"line":13,"column":0},"end":{"line":13,"column":37}},"11":{"start":{"line":14,"column":0},"end":{"line":14,"column":56}},"12":{"start":{"line":15,"column":0},"end":{"line":15,"column":53}},"13":{"start":{"line":16,"column":0},"end":{"line":16,"column":52}},"14":{"start":{"line":17,"column":0},"end":{"line":17,"column":54}},"15":{"start":{"line":21,"column":4},"end":{"line":21,"column":34}},"16":{"start":{"line":27,"column":6},"end":{"line":27,"column":17}},"17":{"start":{"line":29,"column":19},"end":{"line":43,"column":3}},"18":{"start":{"line":30,"column":4},"end":{"line":30,"column":32}},"19":{"start":{"line":31,"column":25},"end":{"line":31,"column":53}},"20":{"start":{"line":32,"column":24},"end":{"line":32,"column":56}},"21":{"start":{"line":33,"column":4},"end":{"line":42,"column":7}},"22":{"start":{"line":34,"column":6},"end":{"line":41,"column":7}},"23":{"start":{"line":35,"column":8},"end":{"line":37,"column":10}},"24":{"start":{"line":38,"column":13},"end":{"line":41,"column":7}},"25":{"start":{"line":39,"column":8},"end":{"line":39,"column":36}},"26":{"start":{"line":40,"column":8},"end":{"line":40,"column":38}},"27":{"start":{"line":44,"column":24},"end":{"line":46,"column":4}},"28":{"start":{"line":47,"column":2},"end":{"line":49,"column":3}},"29":{"start":{"line":48,"column":4},"end":{"line":48,"column":21}},"30":{"start":{"line":51,"column":2},"end":{"line":141,"column":4}},"31":{"start":{"line":69,"column":16},"end":{"line":73,"column":null}},"32":{"start":{"line":86,"column":16},"end":{"line":90,"column":null}},"33":{"start":{"line":103,"column":16},"end":{"line":108,"column":null}},"34":{"start":{"line":121,"column":16},"end":{"line":126,"column":null}},"35":{"start":{"line":144,"column":15},"end":{"line":155,"column":2}}},"fnMap":{"0":{"name":"SignUp","decl":{"start":{"line":19,"column":24},"end":{"line":19,"column":30}},"loc":{"start":{"line":19,"column":50},"end":{"line":142,"column":1}}},"1":{"name":"cleanPhoneNumber","decl":{"start":{"line":20,"column":11},"end":{"line":20,"column":27}},"loc":{"start":{"line":20,"column":39},"end":{"line":22,"column":3}}},"2":{"name":"(anonymous_3)","decl":{"start":{"line":29,"column":19},"end":{"line":29,"column":20}},"loc":{"start":{"line":29,"column":33},"end":{"line":43,"column":3}}},"3":{"name":"(anonymous_4)","decl":{"start":{"line":33,"column":40},"end":{"line":33,"column":41}},"loc":{"start":{"line":33,"column":48},"end":{"line":42,"column":5}}},"4":{"name":"(anonymous_5)","decl":{"start":{"line":68,"column":22},"end":{"line":68,"column":23}},"loc":{"start":{"line":69,"column":16},"end":{"line":73,"column":null}}},"5":{"name":"(anonymous_6)","decl":{"start":{"line":85,"column":22},"end":{"line":85,"column":23}},"loc":{"start":{"line":86,"column":16},"end":{"line":90,"column":null}}},"6":{"name":"(anonymous_7)","decl":{"start":{"line":102,"column":22},"end":{"line":102,"column":23}},"loc":{"start":{"line":103,"column":16},"end":{"line":108,"column":null}}},"7":{"name":"(anonymous_8)","decl":{"start":{"line":120,"column":22},"end":{"line":120,"column":23}},"loc":{"start":{"line":121,"column":16},"end":{"line":126,"column":null}}}},"branchMap":{"0":{"loc":{"start":{"line":34,"column":6},"end":{"line":41,"column":7}},"type":"if","locations":[{"start":{"line":34,"column":6},"end":{"line":41,"column":7}},{"start":{"line":38,"column":13},"end":{"line":41,"column":7}}]},"1":{"loc":{"start":{"line":38,"column":13},"end":{"line":41,"column":7}},"type":"if","locations":[{"start":{"line":38,"column":13},"end":{"line":41,"column":7}},{"start":{},"end":{}}]},"2":{"loc":{"start":{"line":47,"column":2},"end":{"line":49,"column":3}},"type":"if","locations":[{"start":{"line":47,"column":2},"end":{"line":49,"column":3}},{"start":{},"end":{}}]},"3":{"loc":{"start":{"line":77,"column":13},"end":{"line":77,"column":78}},"type":"binary-expr","locations":[{"start":{"line":77,"column":13},"end":{"line":77,"column":28}},{"start":{"line":77,"column":32},"end":{"line":77,"column":78}}]},"4":{"loc":{"start":{"line":94,"column":13},"end":{"line":94,"column":75}},"type":"binary-expr","locations":[{"start":{"line":94,"column":13},"end":{"line":94,"column":25}},{"start":{"line":94,"column":29},"end":{"line":94,"column":75}}]},"5":{"loc":{"start":{"line":112,"column":13},"end":{"line":112,"column":78}},"type":"binary-expr","locations":[{"start":{"line":112,"column":13},"end":{"line":112,"column":28}},{"start":{"line":112,"column":32},"end":{"line":112,"column":78}}]},"6":{"loc":{"start":{"line":130,"column":13},"end":{"line":130,"column":78}},"type":"binary-expr","locations":[{"start":{"line":130,"column":13},"end":{"line":130,"column":28}},{"start":{"line":130,"column":32},"end":{"line":130,"column":78}}]}},"s":{"0":1,"1":1,"2":1,"3":1,"4":1,"5":1,"6":1,"7":1,"8":1,"9":1,"10":1,"11":1,"12":1,"13":1,"14":1,"15":2,"16":8,"17":8,"18":2,"19":2,"20":2,"21":2,"22":2,"23":1,"24":1,"25":1,"26":1,"27":8,"28":8,"29":0,"30":8,"31":10,"32":11,"33":10,"34":11,"35":1},"f":{"0":8,"1":2,"2":2,"3":2,"4":10,"5":11,"6":10,"7":11},"b":{"0":[1,1],"1":[1,0],"2":[0,8],"3":[8,0],"4":[8,0],"5":[8,0],"6":[8,0]}}
,"/home/jho---on/Projects/UFRJ/projeto-manamano/frontend/src/pages/SignUp/SignUpStyle.tsx": {"path":"/home/jho---on/Projects/UFRJ/projeto-manamano/frontend/src/pages/SignUp/SignUpStyle.tsx","statementMap":{"0":{"start":{"line":1,"column":0},"end":{"line":1,"column":46}},"1":{"start":{"line":4,"column":13},"end":{"line":11,"column":2}},"2":{"start":{"line":12,"column":13},"end":{"line":16,"column":2}},"3":{"start":{"line":18,"column":13},"end":{"line":22,"column":2}}},"fnMap":{},"branchMap":{},"s":{"0":1,"1":1,"2":1,"3":1},"f":{},"b":{}}
,"/home/jho---on/Projects/UFRJ/projeto-manamano/frontend/src/services/api.tsx": {"path":"/home/jho---on/Projects/UFRJ/projeto-manamano/frontend/src/services/api.tsx","statementMap":{"0":{"start":{"line":1,"column":0},"end":{"line":1,"column":26}},"1":{"start":{"line":2,"column":0},"end":{"line":2,"column":40}},"2":{"start":{"line":4,"column":12},"end":{"line":8,"column":2}},"3":{"start":{"line":7,"column":30},"end":{"line":7,"column":42}},"4":{"start":{"line":9,"column":0},"end":{"line":9,"column":19}}},"fnMap":{"0":{"name":"(anonymous_1)","decl":{"start":{"line":7,"column":18},"end":{"line":7,"column":19}},"loc":{"start":{"line":7,"column":30},"end":{"line":7,"column":42}}}},"branchMap":{"0":{"loc":{"start":{"line":5,"column":11},"end":{"line":5,"column":87}},"type":"cond-expr","locations":[{"start":{"line":5,"column":39},"end":{"line":5,"column":61}},{"start":{"line":5,"column":64},"end":{"line":5,"column":87}}]}},"s":{"0":2,"1":2,"2":2,"3":0,"4":2},"f":{"0":0},"b":{"0":[0,2]}}
}
