TN:
SF:src/components/BackButton/BackButton.tsx
FN:7,BackButton
FN:10,(anonymous_2)
FNF:2
FNH:1
FNDA:28,BackButton
FNDA:0,(anonymous_2)
DA:2,2
DA:3,2
DA:4,2
DA:5,2
DA:7,2
DA:8,28
DA:9,28
DA:10,0
LF:8
LH:7
BRF:0
BRH:0
end_of_record
TN:
SF:src/components/BackButton/BackButtonStyle.tsx
FNF:0
FNH:0
DA:2,2
DA:3,2
DA:5,2
LF:3
LH:3
BRF:0
BRH:0
end_of_record
TN:
SF:src/components/ButtonCustom/ButtonCustom.tsx
FN:6,ButtonCustom
FNF:1
FNH:1
FNDA:27,ButtonCustom
DA:2,2
DA:3,2
DA:4,2
DA:6,2
DA:15,27
DA:18,27
DA:19,0
DA:21,27
LF:8
LH:7
BRDA:18,0,0,0
BRDA:18,0,1,27
BRF:2
BRH:1
end_of_record
TN:
SF:src/components/ButtonCustom/ButtonStyle.tsx
FN:5,(anonymous_1)
FN:7,(anonymous_2)
FN:15,(anonymous_3)
FN:23,(anonymous_4)
FNF:4
FNH:4
FNDA:27,(anonymous_1)
FNDA:27,(anonymous_2)
FNDA:27,(anonymous_3)
FNDA:27,(anonymous_4)
DA:1,2
DA:4,2
DA:5,27
DA:7,27
DA:10,2
DA:15,27
DA:23,27
LF:7
LH:7
BRDA:23,0,0,0
BRDA:23,0,1,27
BRF:2
BRH:1
end_of_record
TN:
SF:src/components/ErrorWarning/ErrorWarning.tsx
FN:4,ErrorWarning
FNF:1
FNH:1
FNDA:4,ErrorWarning
DA:1,2
DA:2,2
DA:4,2
DA:5,4
LF:4
LH:4
BRF:0
BRH:0
end_of_record
TN:
SF:src/components/ErrorWarning/ErrorWarningStyle.tsx
FNF:0
FNH:0
DA:2,2
DA:4,2
DA:12,2
LF:3
LH:3
BRF:0
BRH:0
end_of_record
TN:
SF:src/components/HeaderCustom/HeaderCustom.tsx
FN:9,HeaderCustom
FN:25,(anonymous_11)
FN:27,(anonymous_12)
FNF:3
FNH:1
FNDA:20,HeaderCustom
FNDA:0,(anonymous_11)
FNDA:0,(anonymous_12)
DA:2,1
DA:3,1
DA:4,1
DA:5,1
DA:6,1
DA:7,1
DA:9,1
DA:18,20
DA:20,20
DA:25,0
DA:27,0
LF:11
LH:9
BRDA:22,0,0,0
BRDA:22,0,1,20
BRDA:34,1,0,20
BRDA:34,1,1,20
BRDA:37,2,0,0
BRDA:37,2,1,20
BRF:6
BRH:4
end_of_record
TN:
SF:src/components/HeaderCustom/HeaderCustomStyle.tsx
FN:29,(anonymous_1)
FNF:1
FNH:1
FNDA:20,(anonymous_1)
DA:1,1
DA:2,1
DA:4,1
DA:26,1
DA:29,20
DA:31,1
LF:6
LH:6
BRF:0
BRH:0
end_of_record
TN:
SF:src/components/InputText/InputTextCustom.tsx
FN:15,InputTextCustom
FN:54,(anonymous_11)
FNF:2
FNH:1
FNDA:106,InputTextCustom
FNDA:0,(anonymous_11)
DA:2,2
DA:3,2
DA:4,2
DA:5,2
DA:12,2
DA:13,2
DA:15,2
DA:25,106
DA:27,106
DA:54,0
DA:66,2
LF:11
LH:10
BRDA:32,0,0,10
BRDA:32,0,1,96
BRDA:48,1,0,96
BRDA:48,1,1,96
BRDA:55,2,0,106
BRDA:55,2,1,0
BRF:6
BRH:5
end_of_record
TN:
SF:src/components/InputText/InputTextCustomStyle.tsx
FN:40,(anonymous_1)
FNF:1
FNH:1
FNDA:106,(anonymous_1)
DA:2,2
DA:4,2
DA:12,2
DA:26,2
DA:39,2
DA:40,106
DA:45,2
LF:7
LH:7
BRDA:40,0,0,76
BRDA:40,0,1,30
BRF:2
BRH:2
end_of_record
TN:
SF:src/components/SideMenu/SideMenu.tsx
FN:28,SideMenu
FN:41,(anonymous_2)
FN:52,(anonymous_3)
FN:58,(anonymous_4)
FN:64,(anonymous_5)
FN:75,(anonymous_6)
FN:81,(anonymous_7)
FN:92,(anonymous_8)
FN:98,(anonymous_9)
FNF:9
FNH:0
FNDA:0,SideMenu
FNDA:0,(anonymous_2)
FNDA:0,(anonymous_3)
FNDA:0,(anonymous_4)
FNDA:0,(anonymous_5)
FNDA:0,(anonymous_6)
FNDA:0,(anonymous_7)
FNDA:0,(anonymous_8)
FNDA:0,(anonymous_9)
DA:2,1
DA:3,1
DA:4,1
DA:5,1
DA:6,1
DA:15,1
DA:16,1
DA:17,1
DA:18,1
DA:19,1
DA:20,1
DA:21,1
DA:22,1
DA:23,1
DA:24,1
DA:28,1
DA:29,0
DA:30,0
DA:32,0
DA:35,0
DA:36,0
DA:38,0
DA:41,0
DA:52,0
DA:58,0
DA:64,0
DA:75,0
DA:81,0
DA:92,0
DA:98,0
LF:30
LH:16
BRDA:35,0,0,0
BRDA:35,0,1,0
BRF:2
BRH:0
end_of_record
TN:
SF:src/components/SideMenu/SideMenuStyle.tsx
FN:8,(anonymous_1)
FNF:1
FNH:0
FNDA:0,(anonymous_1)
DA:2,1
DA:3,1
DA:5,1
DA:7,1
DA:8,0
DA:16,1
DA:23,1
DA:30,1
DA:38,1
DA:46,1
DA:53,1
LF:11
LH:10
BRDA:8,0,0,0
BRDA:8,0,1,0
BRF:2
BRH:0
end_of_record
TN:
SF:src/components/SideMenuOptions/SideMenuOptions.tsx
FN:8,SideMenuOptions
FNF:1
FNH:1
FNDA:3,SideMenuOptions
DA:2,1
DA:3,1
DA:8,1
DA:9,3
LF:4
LH:4
BRF:0
BRH:0
end_of_record
TN:
SF:src/components/SideMenuOptions/SideMenuOptionsStyle.tsx
FN:12,(anonymous_1)
FN:13,(anonymous_2)
FNF:2
FNH:2
FNDA:3,(anonymous_1)
FNDA:3,(anonymous_2)
DA:2,1
DA:4,1
DA:10,1
DA:12,3
DA:13,3
LF:5
LH:5
BRDA:12,0,0,0
BRDA:12,0,1,3
BRF:2
BRH:1
end_of_record
TN:
SF:src/pages/ChangePassword/ChangePassword.tsx
FN:19,ChangePassword
FN:23,(anonymous_2)
FN:42,(anonymous_3)
FN:86,(anonymous_4)
FN:103,(anonymous_5)
FN:119,(anonymous_6)
FN:121,(anonymous_7)
FNF:7
FNH:7
FNDA:19,ChangePassword
FNDA:5,(anonymous_2)
FNDA:2,(anonymous_3)
FNDA:22,(anonymous_4)
FNDA:22,(anonymous_5)
FNDA:3,(anonymous_6)
FNDA:25,(anonymous_7)
DA:3,1
DA:4,1
DA:5,1
DA:6,1
DA:7,1
DA:8,1
DA:9,1
DA:10,1
DA:11,1
DA:12,1
DA:13,1
DA:14,1
DA:15,1
DA:16,1
DA:19,1
DA:20,19
DA:21,19
DA:22,19
DA:23,19
DA:24,5
DA:25,5
DA:26,5
DA:27,5
DA:28,5
DA:29,5
DA:41,19
DA:42,19
DA:43,2
DA:44,2
DA:57,1
DA:58,1
DA:60,1
DA:61,1
DA:64,19
DA:67,19
DA:68,0
DA:70,19
DA:87,22
DA:104,22
DA:119,3
DA:122,25
LF:41
LH:40
BRDA:26,0,0,5
BRDA:26,0,1,0
BRDA:26,1,0,5
BRDA:26,1,1,5
BRDA:67,2,0,0
BRDA:67,2,1,19
BRDA:75,3,0,9
BRDA:75,3,1,10
BRDA:75,4,0,19
BRDA:75,4,1,9
BRDA:96,5,0,19
BRDA:96,5,1,1
BRDA:113,6,0,19
BRDA:113,6,1,1
BRDA:119,7,0,3
BRDA:119,7,1,1
BRDA:131,8,0,19
BRDA:131,8,1,2
BRF:18
BRH:16
end_of_record
TN:
SF:src/pages/Configuration/Configuration.tsx
FN:13,Config
FN:29,(anonymous_2)
FN:35,(anonymous_3)
FN:41,(anonymous_4)
FNF:4
FNH:1
FNDA:1,Config
FNDA:0,(anonymous_2)
FNDA:0,(anonymous_3)
FNDA:0,(anonymous_4)
DA:2,1
DA:3,1
DA:4,1
DA:5,1
DA:6,1
DA:7,1
DA:8,1
DA:9,1
DA:10,1
DA:13,1
DA:14,1
DA:15,1
DA:18,1
DA:19,0
DA:21,1
DA:29,0
DA:35,0
DA:41,0
LF:18
LH:14
BRDA:18,0,0,0
BRDA:18,0,1,1
BRF:2
BRH:1
end_of_record
TN:
SF:src/pages/SignIn/SignInStyle.tsx
FNF:0
FNH:0
DA:2,1
DA:4,1
DA:11,1
DA:19,1
LF:4
LH:4
BRF:0
BRH:0
end_of_record
TN:
SF:src/pages/SignUp/SignUp.tsx
FN:19,SignUp
FN:20,cleanPhoneNumber
FN:29,(anonymous_3)
FN:33,(anonymous_4)
FN:68,(anonymous_5)
FN:85,(anonymous_6)
FN:102,(anonymous_7)
FN:120,(anonymous_8)
FNF:8
FNH:8
FNDA:8,SignUp
FNDA:2,cleanPhoneNumber
FNDA:2,(anonymous_3)
FNDA:2,(anonymous_4)
FNDA:10,(anonymous_5)
FNDA:11,(anonymous_6)
FNDA:10,(anonymous_7)
FNDA:11,(anonymous_8)
DA:4,1
DA:5,1
DA:6,1
DA:7,1
DA:8,1
DA:9,1
DA:10,1
DA:11,1
DA:12,1
DA:13,1
DA:14,1
DA:15,1
DA:16,1
DA:17,1
DA:19,1
DA:21,2
DA:27,8
DA:29,8
DA:30,2
DA:31,2
DA:32,2
DA:33,2
DA:34,2
DA:35,1
DA:38,1
DA:39,1
DA:40,1
DA:44,8
DA:47,8
DA:48,0
DA:51,8
DA:69,10
DA:86,11
DA:103,10
DA:121,11
DA:144,1
LF:36
LH:35
BRDA:34,0,0,1
BRDA:34,0,1,1
BRDA:38,1,0,1
BRDA:38,1,1,0
BRDA:47,2,0,0
BRDA:47,2,1,8
BRDA:77,3,0,8
BRDA:77,3,1,0
BRDA:94,4,0,8
BRDA:94,4,1,0
BRDA:112,5,0,8
BRDA:112,5,1,0
BRDA:130,6,0,8
BRDA:130,6,1,0
BRF:14
BRH:8
end_of_record
TN:
SF:src/pages/SignUp/SignUpStyle.tsx
FNF:0
FNH:0
DA:1,1
DA:4,1
DA:12,1
DA:18,1
LF:4
LH:4
BRF:0
BRH:0
end_of_record
TN:
SF:src/services/api.tsx
FN:7,(anonymous_1)
FNF:1
FNH:0
FNDA:0,(anonymous_1)
DA:1,2
DA:2,2
DA:4,2
DA:7,0
DA:9,2
LF:5
LH:4
BRDA:5,0,0,0
BRDA:5,0,1,2
BRF:2
BRH:1
end_of_record
